INFO:     Started server process [23933]
INFO:     Waiting for application startup.
INFO:     Application startup complete.
INFO:     Uvicorn running on http://127.0.0.1:8000 (Press CTRL+C to quit)
INFO:     127.0.0.1:64626 - "POST /login HTTP/1.1" 200 OK
INFO:     127.0.0.1:65134 - "GET /detect?path=%2Ftmp%2Fmnv_samples%2FMain+Report1.png HTTP/1.1" 200 OK
00:33:25 [INFO] 
=== Processing: Main Report1.png ===
00:33:25 [INFO] Start Time: 00:33:25

00:33:25 [INFO] ============================================================
00:33:25 [INFO] Starting MNV Analysis Pipeline
00:33:25 [INFO] Input file: /tmp/mnv_samples/Main Report1.png
00:33:25 [INFO] Scale: 6.0 mm
00:33:25 [INFO] Loading input image...
00:33:26 [INFO] ✓ Image loaded successfully: 512x512 pixels
00:33:26 [INFO]   Scale: 6.0 mm / 512 px = 0.011719 mm/px (85.3 px/mm)
00:33:26 [INFO] ------------------------------------------------------------
00:33:26 [INFO] Step 1: ROI Detection
00:33:26 [INFO] ✓ ROI Detection completed
00:33:26 [INFO]   MNV Area: 14.418 mm² (104990 pixels)
00:33:26 [INFO]   ROI Coverage: 40.1% of image
00:33:26 [INFO]   Small image (512px < 800px) -> FILTER_PARAMS_SMALL (otsu=0.75, k=0.7, minmax)
00:33:26 [INFO] ------------------------------------------------------------
00:33:26 [INFO] Step 2: Image Preprocessing
  Preprocessing MNV image...
    - Applying Mexican Hat filter... [0.06s]
    - Applying Tubeness filter... [1.30s]
    - Combining filters... [0.04s]
  Preprocessing completed.
00:33:27 [INFO] ✓ Preprocessing completed
00:33:27 [INFO]   Vessel Area: 13.728 mm² (99963 pixels)
00:33:27 [INFO]   Vessel Density: 95.21%
00:33:27 [WARNING] ⚠ Unusually high vessel density (95.21%)
00:33:27 [INFO] ------------------------------------------------------------
00:33:27 [INFO] Step 3: Skeleton Analysis
[FractalAnalyzer] box_counting -> box_sizes=[2, 4, 8, 16, 32, 64], box_counts=[2563, 1392, 697, 284, 95, 27]
[FractalAnalyzer] calc -> log_sizes=[-0.6931471805599453, -1.3862943611198906, -2.0794415416798357, -2.772588722239781, -3.4657359027997265, -4.1588830833596715], log_counts=[7.848933726364071, 7.238496840894365, 6.546785410760524, 5.648974238161206, 4.553876891600541, 3.295836866004329]
[FractalAnalyzer] calc -> n=6, slope=1.307377, r2=0.980757, ss_total=14.653085, ss_residual=0.281971
00:33:27 [INFO] ✓ Skeleton Analysis completed
00:33:27 [INFO]   Total Length: 95.62 mm
00:33:27 [INFO]   Mean Diameter: 208.6 μm
00:33:27 [INFO]   Tortuosity: 1.121
00:33:27 [INFO] ------------------------------------------------------------
00:33:27 [INFO] Step 4: Spatial Distribution Analysis
00:33:27 [INFO] ✓ Spatial Distribution Analysis completed
00:33:27 [INFO]   Fractal Dimension: 1.307
00:33:27 [INFO]   Trunk Pattern: INTERMEDIATE
00:33:27 [INFO] ------------------------------------------------------------
00:33:27 [INFO] Step 5: Flow Deficit Analysis
00:33:27 [INFO] ✓ Flow Deficit Analysis completed
00:33:27 [INFO] ------------------------------------------------------------
00:33:27 [INFO] Step 6: Pattern Classification
[Step6] 1b-1 branch_iteration: 0.002s
[Regional] center: mask_area=1px, skel_px=0, branches=0; periphery: mask_area=104989px, skel_px=4333, branches=733
[Step6] 1b-2 fd_center: 0.001s
[RegionalFA] valid_sizes=[2, 3, 4, 6, 8, 12, 16, 24, 32, 48, 64]
[RegionalFA] log_sizes=[-0.6931471805599453, -1.0986122886681098, -1.3862943611198906, -1.791759469228055, -2.0794415416798357, -2.4849066497880004, -2.772588722239781, -3.1780538303479458, -3.4657359027997265, -3.871201010907891, -4.1588830833596715]
[RegionalFA] log_counts=[7.848933726364071, 7.5251007461258, 7.238496840894365, 6.854354502255021, 6.546785410760524, 6.049733455231958, 5.648974238161206, 5.043425116919247, 4.553876891600541, 3.828641396489095, 3.295836866004329]
[RegionalFA] calc -> n=11, slope=1.313817
[RegionalFA] calc -> r2=0.981883, ss_tot=23.243659, ss_res=0.421095
[Step6] 1b-3 fd_periphery: 0.003s
[Step6] 1b-4 euler: 0.001s
00:33:27 [INFO] ✓ Pattern Classification completed
00:33:27 [INFO]   Subtype: Dead tree
00:33:27 [INFO]   Complexity Score: 24.8
00:33:27 [INFO]   Stability Score: 39.4
00:33:27 [INFO]   Maturity Index: 57.3
00:33:27 [INFO] ============================================================
00:33:27 [INFO] ✓ Analysis Pipeline Completed Successfully
00:33:27 [INFO]   Total Time: 1.84s (0.0min)
00:33:27 [INFO]   End Time: 00:33:27
00:33:27 [INFO] ============================================================
INFO:     127.0.0.1:65189 - "POST /analyze/mnv HTTP/1.1" 200 OK
INFO:     127.0.0.1:49536 - "GET /detect?path=%2Ftmp%2Fmnv_samples%2FMain+Report1.png HTTP/1.1" 200 OK
00:50:33 [INFO] 
=== Processing: Main Report1.png ===
00:50:33 [INFO] Start Time: 00:50:33

00:50:33 [INFO] ============================================================
00:50:33 [INFO] Starting MNV Analysis Pipeline
00:50:33 [INFO] Input file: /tmp/mnv_samples/Main Report1.png
00:50:33 [INFO] Scale: 6.0 mm
00:50:33 [INFO] Loading input image...
00:50:33 [INFO] ✓ Image loaded successfully: 512x512 pixels
00:50:33 [INFO]   Scale: 6.0 mm / 512 px = 0.011719 mm/px (85.3 px/mm)
00:50:33 [INFO] ------------------------------------------------------------
00:50:33 [INFO] Step 1: ROI Detection
00:50:33 [INFO] ✓ ROI Detection completed
00:50:33 [INFO]   MNV Area: 14.418 mm² (104990 pixels)
00:50:33 [INFO]   ROI Coverage: 40.1% of image
00:50:33 [INFO]   Small image (512px < 800px) -> FILTER_PARAMS_SMALL (otsu=0.75, k=0.7, minmax)
00:50:33 [INFO] ------------------------------------------------------------
00:50:33 [INFO] Step 2: Image Preprocessing
  Preprocessing MNV image...
    - Applying Mexican Hat filter... [0.08s]
    - Applying Tubeness filter... [0.26s]
    - Combining filters... [0.02s]
  Preprocessing completed.
00:50:33 [INFO] ✓ Preprocessing completed
00:50:33 [INFO]   Vessel Area: 13.728 mm² (99963 pixels)
00:50:33 [INFO]   Vessel Density: 95.21%
00:50:33 [WARNING] ⚠ Unusually high vessel density (95.21%)
00:50:33 [INFO] ------------------------------------------------------------
00:50:33 [INFO] Step 3: Skeleton Analysis
[FractalAnalyzer] box_counting -> box_sizes=[2, 4, 8, 16, 32, 64], box_counts=[2563, 1392, 697, 284, 95, 27]
[FractalAnalyzer] calc -> log_sizes=[-0.6931471805599453, -1.3862943611198906, -2.0794415416798357, -2.772588722239781, -3.4657359027997265, -4.1588830833596715], log_counts=[7.848933726364071, 7.238496840894365, 6.546785410760524, 5.648974238161206, 4.553876891600541, 3.295836866004329]
[FractalAnalyzer] calc -> n=6, slope=1.307377, r2=0.980757, ss_total=14.653085, ss_residual=0.281971
00:50:33 [INFO] ✓ Skeleton Analysis completed
00:50:33 [INFO]   Total Length: 95.62 mm
00:50:33 [INFO]   Mean Diameter: 208.6 μm
00:50:33 [INFO]   Tortuosity: 1.121
00:50:33 [INFO] ------------------------------------------------------------
00:50:33 [INFO] Step 4: Spatial Distribution Analysis
00:50:33 [INFO] ✓ Spatial Distribution Analysis completed
00:50:33 [INFO]   Fractal Dimension: 1.307
00:50:33 [INFO]   Trunk Pattern: INTERMEDIATE
00:50:33 [INFO] ------------------------------------------------------------
00:50:33 [INFO] Step 5: Flow Deficit Analysis
00:50:33 [INFO] ✓ Flow Deficit Analysis completed
00:50:33 [INFO] ------------------------------------------------------------
00:50:33 [INFO] Step 6: Pattern Classification
[Step6] 1b-1 branch_iteration: 0.002s
[Regional] center: mask_area=1px, skel_px=0, branches=0; periphery: mask_area=104989px, skel_px=4333, branches=733
[Step6] 1b-2 fd_center: 0.001s
[RegionalFA] valid_sizes=[2, 3, 4, 6, 8, 12, 16, 24, 32, 48, 64]
[RegionalFA] log_sizes=[-0.6931471805599453, -1.0986122886681098, -1.3862943611198906, -1.791759469228055, -2.0794415416798357, -2.4849066497880004, -2.772588722239781, -3.1780538303479458, -3.4657359027997265, -3.871201010907891, -4.1588830833596715]
[RegionalFA] log_counts=[7.848933726364071, 7.5251007461258, 7.238496840894365, 6.854354502255021, 6.546785410760524, 6.049733455231958, 5.648974238161206, 5.043425116919247, 4.553876891600541, 3.828641396489095, 3.295836866004329]
[RegionalFA] calc -> n=11, slope=1.313817
[RegionalFA] calc -> r2=0.981883, ss_tot=23.243659, ss_res=0.421095
[Step6] 1b-3 fd_periphery: 0.004s
[Step6] 1b-4 euler: 0.001s
00:50:33 [INFO] ✓ Pattern Classification completed
00:50:33 [INFO]   Subtype: Dead tree
00:50:33 [INFO]   Complexity Score: 24.8
00:50:33 [INFO]   Stability Score: 39.4
00:50:33 [INFO]   Maturity Index: 57.3
00:50:33 [INFO] ============================================================
00:50:33 [INFO] ✓ Analysis Pipeline Completed Successfully
00:50:33 [INFO]   Total Time: 0.71s (0.0min)
00:50:33 [INFO]   End Time: 00:50:33
00:50:33 [INFO] ============================================================
INFO:     127.0.0.1:49597 - "POST /analyze/mnv HTTP/1.1" 200 OK
06:35:45 [INFO] 
=== Processing: Main Report1.png ===
06:35:45 [INFO] Start Time: 06:35:45

06:35:45 [INFO] ============================================================
06:35:45 [INFO] Starting MNV Analysis Pipeline
06:35:45 [INFO] Input file: /tmp/mnv_samples/Main Report1.png
06:35:45 [INFO] Scale: 6.0 mm
06:35:45 [INFO] Loading input image...
06:35:45 [INFO] ✓ Image loaded successfully: 512x512 pixels
06:35:45 [INFO]   Scale: 6.0 mm / 512 px = 0.011719 mm/px (85.3 px/mm)
06:35:45 [INFO] ------------------------------------------------------------
06:35:45 [INFO] Step 1: ROI Detection
06:35:45 [INFO] ✓ ROI Detection completed
06:35:45 [INFO]   MNV Area: 15.927 mm² (115980 pixels)
06:35:45 [INFO]   ROI Coverage: 44.2% of image
06:35:45 [INFO]   Small image (512px < 800px) -> FILTER_PARAMS_SMALL (otsu=0.75, k=0.7, minmax)
06:35:45 [INFO] ------------------------------------------------------------
06:35:45 [INFO] Step 2: Image Preprocessing
  Preprocessing MNV image...
    - Applying Mexican Hat filter... [0.05s]
    - Applying Tubeness filter... [0.18s]
    - Combining filters... [0.02s]
  Preprocessing completed.
06:35:45 [INFO] ✓ Preprocessing completed
06:35:45 [INFO]   Vessel Area: 15.122 mm² (110112 pixels)
06:35:45 [INFO]   Vessel Density: 94.94%
06:35:45 [WARNING] ⚠ Unusually high vessel density (94.94%)
06:35:45 [INFO] ------------------------------------------------------------
06:35:45 [INFO] Step 3: Skeleton Analysis
[FractalAnalyzer] box_counting -> box_sizes=[2, 4, 8, 16, 32, 64], box_counts=[3561, 1924, 942, 374, 119, 33]
[FractalAnalyzer] calc -> log_sizes=[-0.6931471805599453, -1.3862943611198906, -2.0794415416798357, -2.772588722239781, -3.4657359027997265, -4.1588830833596715], log_counts=[8.177796683277778, 7.562161631225652, 6.848005274576363, 5.924255797414532, 4.77912349311153, 3.4965075614664802]
[FractalAnalyzer] calc -> n=6, slope=1.347037, r2=0.980317, ss_total=15.562560, ss_residual=0.306313
06:35:45 [INFO] ✓ Skeleton Analysis completed
06:35:45 [INFO]   Total Length: 131.81 mm
06:35:45 [INFO]   Mean Diameter: 217.7 μm
06:35:45 [INFO]   Tortuosity: 1.156
06:35:45 [INFO] ------------------------------------------------------------
06:35:45 [INFO] Step 4: Spatial Distribution Analysis
06:35:45 [INFO] ✓ Spatial Distribution Analysis completed
06:35:45 [INFO]   Fractal Dimension: 1.347
06:35:45 [INFO]   Trunk Pattern: INTERMEDIATE
06:35:45 [INFO] ------------------------------------------------------------
06:35:45 [INFO] Step 5: Flow Deficit Analysis
06:35:45 [INFO] ✓ Flow Deficit Analysis completed
06:35:45 [INFO] ------------------------------------------------------------
06:35:45 [INFO] Step 6: Pattern Classification
[Step6] 1b-1 branch_iteration: 0.002s
[Regional] center: mask_area=10551px, skel_px=634, branches=103; periphery: mask_area=105429px, skel_px=5258, branches=868
[RegionalFA] valid_sizes=[2, 3, 4, 6, 8, 12, 16, 24, 32, 48, 64]
[RegionalFA] log_sizes=[-0.6931471805599453, -1.0986122886681098, -1.3862943611198906, -1.791759469228055, -2.0794415416798357, -2.4849066497880004, -2.772588722239781, -3.1780538303479458, -3.4657359027997265, -3.871201010907891, -4.1588830833596715]
[RegionalFA] log_counts=[5.942799375126701, 5.605802066295998, 5.308267697401205, 4.969813299576001, 4.624972813284271, 4.1588830833596715, 3.784189633918261, 3.1354942159291497, 2.6390573296152584, 2.0794415416798357, 1.3862943611198906]
[RegionalFA] calc -> n=11, slope=1.294493
[RegionalFA] calc -> r2=0.981445, ss_tot=22.575008, ss_res=0.418871
[Step6] 1b-2 fd_center: 0.002s
[RegionalFA] valid_sizes=[2, 3, 4, 6, 8, 12, 16, 24, 32, 48, 64]
[RegionalFA] log_sizes=[-0.6931471805599453, -1.0986122886681098, -1.3862943611198906, -1.791759469228055, -2.0794415416798357, -2.4849066497880004, -2.772588722239781, -3.1780538303479458, -3.4657359027997265, -3.871201010907891, -4.1588830833596715]
[RegionalFA] log_counts=[8.066835314417336, 7.729295674310482, 7.450079569807499, 7.048386408721883, 6.748759547491679, 6.222576268071369, 5.8377304471659395, 5.187385805840755, 4.727387818712341, 4.060443010546419, 3.4965075614664802]
[RegionalFA] calc -> n=11, slope=1.319264
[RegionalFA] calc -> r2=0.984278, ss_tot=23.379771, ss_res=0.367579
[Step6] 1b-3 fd_periphery: 0.003s
[Step6] 1b-4 euler: 0.002s
06:35:45 [INFO] ✓ Pattern Classification completed
06:35:45 [INFO]   Subtype: Dead tree
06:35:45 [INFO]   Complexity Score: 29.2
06:35:45 [INFO]   Stability Score: 27.5
06:35:45 [INFO]   Maturity Index: 49.1
06:35:45 [INFO] ============================================================
06:35:45 [INFO] ✓ Analysis Pipeline Completed Successfully
06:35:45 [INFO]   Total Time: 0.61s (0.0min)
06:35:45 [INFO]   End Time: 06:35:45
06:35:45 [INFO] ============================================================
INFO:     127.0.0.1:63303 - "POST /analyze/mnv HTTP/1.1" 200 OK
INFO:     Shutting down
INFO:     Waiting for application shutdown.
INFO:     Application shutdown complete.
INFO:     Finished server process [23933]
