INFO:     Started server process [28208]
INFO:     Waiting for application startup.
INFO:     Application startup complete.
INFO:     Uvicorn running on http://127.0.0.1:8000 (Press CTRL+C to quit)
INFO:     127.0.0.1:65253 - "POST /login HTTP/1.1" 200 OK
INFO:     127.0.0.1:65255 - "GET /detect?path=%2FUsers%2Fyy%2FLibrary%2FCloudStorage%2FOneDrive-YokohamaCityUniversity%2F%E7%A0%94%E7%A9%B6%2FMNV_quantitatibe+analysis%2Fsmall%2Fsmall_example%2FMain+Report2.png HTTP/1.1" 200 OK
08:10:52 [INFO] 
=== Processing: Main Report2.png ===
08:10:52 [INFO] Start Time: 08:10:52

08:10:52 [INFO] ============================================================
08:10:52 [INFO] Starting MNV Analysis Pipeline
08:10:52 [INFO] Input file: /Users/yy/Library/CloudStorage/OneDrive-YokohamaCityUniversity/研究/MNV_quantitatibe analysis/small/small_example/Main Report2.png
08:10:52 [INFO] Scale: 6.0 mm
08:10:52 [INFO] Loading input image...
08:10:52 [INFO] ✓ Image loaded successfully: 512x512 pixels
08:10:52 [INFO]   Scale: 6.0 mm / 512 px = 0.011719 mm/px (85.3 px/mm)
08:10:52 [INFO] ------------------------------------------------------------
08:10:52 [INFO] Step 1: ROI Detection
08:10:52 [INFO] ✓ ROI Detection completed
08:10:52 [INFO]   MNV Area: 1.384 mm² (10078 pixels)
08:10:52 [INFO]   ROI Coverage: 3.8% of image
08:10:52 [WARNING] ⚠ ROI coverage is very small (3.8%)
08:10:52 [WARNING]   FD等の解釈に注意。症例間比較時は慎重に。
08:10:52 [INFO]   Small image (512px < 800px) -> FILTER_PARAMS_SMALL (otsu=0.75, k=0.7, minmax)
08:10:52 [INFO] ------------------------------------------------------------
08:10:52 [INFO] Step 2: Image Preprocessing
  Preprocessing MNV image...
    - Applying Mexican Hat filter... [0.07s]
    - Applying Tubeness filter... [0.12s]
    - Combining filters... [0.02s]
  Preprocessing completed.
08:10:52 [INFO] ✓ Preprocessing completed
08:10:52 [INFO]   Vessel Area: 0.760 mm² (5534 pixels)
08:10:52 [INFO]   Vessel Density: 54.91%
08:10:52 [INFO] ------------------------------------------------------------
08:10:52 [INFO] Step 3: Skeleton Analysis
[FractalAnalyzer] box_counting -> box_sizes=[2, 4, 8, 16, 32], box_counts=[585, 304, 145, 58, 19]
[FractalAnalyzer] calc -> log_sizes=[-0.6931471805599453, -1.3862943611198906, -2.0794415416798357, -2.772588722239781, -3.4657359027997265], log_counts=[6.371611847231857, 5.717027701406222, 4.976733742420574, 4.060443010546419, 2.9444389791664403]
[FractalAnalyzer] calc -> n=5, slope=1.227868, r2=0.988050, ss_total=7.331203, ss_residual=0.087609
08:10:52 [INFO] ✓ Skeleton Analysis completed
08:10:52 [INFO]   Total Length: 19.05 mm
08:10:52 [INFO]   Mean Diameter: 36.3 μm
08:10:52 [INFO]   Tortuosity: 1.177
08:10:52 [INFO] ------------------------------------------------------------
08:10:52 [INFO] Step 4: Spatial Distribution Analysis
08:10:52 [INFO] ✓ Spatial Distribution Analysis completed
08:10:52 [INFO]   Fractal Dimension: 1.228
08:10:52 [INFO]   Trunk Pattern: SEAFAN
08:10:52 [INFO] ------------------------------------------------------------
08:10:52 [INFO] Step 5: Flow Deficit Analysis
08:10:52 [INFO] ✓ Flow Deficit Analysis completed
08:10:52 [INFO] ------------------------------------------------------------
08:10:52 [INFO] Step 6: Pattern Classification
[Step6] 1b-1 branch_iteration: 0.001s
[Regional] center: mask_area=1px, skel_px=1, branches=0; periphery: mask_area=10077px, skel_px=1023, branches=246
[RegionalFA] valid_sizes=[2, 3, 4, 6, 8, 12, 16, 24, 32, 48, 64]
[RegionalFA] log_sizes=[-0.6931471805599453, -1.0986122886681098, -1.3862943611198906, -1.791759469228055, -2.0794415416798357, -2.4849066497880004, -2.772588722239781, -3.1780538303479458, -3.4657359027997265, -3.871201010907891, -4.1588830833596715]
[RegionalFA] log_counts=[0.0, 0.0, 0.0, 0.0, 0.0, 0.0, 0.0, 0.0, 0.0, 0.0, 0.0]
[RegionalFA] calc -> n=11, slope=0.000000
[RegionalFA] FD slope out of range: slope=0.000000 (expected 0.5-2.5); returning 0.0
[Step6] 1b-2 fd_center: 0.001s
[RegionalFA] valid_sizes=[2, 3, 4, 6, 8, 12, 16, 24, 32, 48, 64]
[RegionalFA] log_sizes=[-0.6931471805599453, -1.0986122886681098, -1.3862943611198906, -1.791759469228055, -2.0794415416798357, -2.4849066497880004, -2.772588722239781, -3.1780538303479458, -3.4657359027997265, -3.871201010907891, -4.1588830833596715]
[RegionalFA] log_counts=[6.371611847231857, 6.037870919922137, 5.717027701406222, 5.327876168789581, 4.976733742420574, 4.442651256490317, 4.060443010546419, 3.5263605246161616, 2.9444389791664403, 2.6390573296152584, 2.0794415416798357]
[RegionalFA] calc -> n=11, slope=1.254936
[RegionalFA] calc -> r2=0.992693, ss_tot=20.975995, ss_res=0.153276
[Step6] 1b-3 fd_periphery: 0.001s
[Step6] 1b-4 euler: 0.002s
08:10:52 [INFO] ✓ Pattern Classification completed
08:10:52 [INFO]   Subtype: Dead tree
08:10:52 [INFO]   Complexity Score: 14.2
08:10:52 [INFO]   Stability Score: 25.0
08:10:52 [INFO]   Maturity Index: 55.4
08:10:52 [INFO] ============================================================
08:10:52 [INFO] ✓ Analysis Pipeline Completed Successfully
08:10:52 [INFO]   Total Time: 0.32s (0.0min)
08:10:52 [INFO]   End Time: 08:10:52
08:10:52 [INFO] ============================================================
INFO:     127.0.0.1:65267 - "POST /analyze/mnv HTTP/1.1" 200 OK
